{"/home/runner/work/SpareChair/SpareChair/server/config/database.js": {"path":"/home/runner/work/SpareChair/SpareChair/server/config/database.js","statementMap":{"0":{"start":{"line":1,"column":25},"end":{"line":1,"column":50}},"1":{"start":{"line":3,"column":15},"end":{"line":5,"column":2}},"2":{"start":{"line":7,"column":0},"end":{"line":7,"column":24}}},"fnMap":{},"branchMap":{},"s":{"0":0,"1":0,"2":0},"f":{},"b":{}}
,"/home/runner/work/SpareChair/SpareChair/server/config/logger.js": {"path":"/home/runner/work/SpareChair/SpareChair/server/config/logger.js","statementMap":{"0":{"start":{"line":1,"column":16},"end":{"line":1,"column":34}},"1":{"start":{"line":2,"column":13},"end":{"line":2,"column":28}},"2":{"start":{"line":5,"column":18},"end":{"line":10,"column":1}},"3":{"start":{"line":13,"column":15},"end":{"line":19,"column":1}},"4":{"start":{"line":22,"column":16},"end":{"line":22,"column":50}},"5":{"start":{"line":25,"column":15},"end":{"line":43,"column":2}},"6":{"start":{"line":46,"column":0},"end":{"line":58,"column":1}},"7":{"start":{"line":47,"column":2},"end":{"line":57,"column":4}},"8":{"start":{"line":53,"column":20},"end":{"line":53,"column":70}},"9":{"start":{"line":60,"column":0},"end":{"line":60,"column":24}}},"fnMap":{"0":{"name":"(anonymous_0)","decl":{"start":{"line":53,"column":10},"end":{"line":53,"column":11}},"loc":{"start":{"line":53,"column":20},"end":{"line":53,"column":70}},"line":53}},"branchMap":{"0":{"loc":{"start":{"line":46,"column":0},"end":{"line":58,"column":1}},"type":"if","locations":[{"start":{"line":46,"column":0},"end":{"line":58,"column":1}},{"start":{},"end":{}}],"line":46}},"s":{"0":1,"1":1,"2":1,"3":1,"4":1,"5":1,"6":1,"7":1,"8":0,"9":1},"f":{"0":0},"b":{"0":[1,0]},"_coverageSchema":"1a1c01bbd47fc00a2c39e90264f33305004495a9","hash":"31e365c33eedd617e620d688ae1ad2ad3c8f1bc9"}
,"/home/runner/work/SpareChair/SpareChair/server/controllers/authController.js": {"path":"/home/runner/work/SpareChair/SpareChair/server/controllers/authController.js","statementMap":{"0":{"start":{"line":1,"column":15},"end":{"line":1,"column":34}},"1":{"start":{"line":2,"column":12},"end":{"line":2,"column":35}},"2":{"start":{"line":3,"column":15},"end":{"line":3,"column":44}},"3":{"start":{"line":5,"column":22},"end":{"line":7,"column":1}},"4":{"start":{"line":6,"column":2},"end":{"line":6,"column":76}},"5":{"start":{"line":9,"column":17},"end":{"line":60,"column":1}},"6":{"start":{"line":10,"column":2},"end":{"line":59,"column":3}},"7":{"start":{"line":11,"column":91},"end":{"line":11,"column":99}},"8":{"start":{"line":14,"column":25},"end":{"line":16,"column":6}},"9":{"start":{"line":18,"column":4},"end":{"line":20,"column":5}},"10":{"start":{"line":19,"column":6},"end":{"line":19,"column":84}},"11":{"start":{"line":23,"column":27},"end":{"line":23,"column":58}},"12":{"start":{"line":26,"column":17},"end":{"line":47,"column":6}},"13":{"start":{"line":49,"column":18},"end":{"line":49,"column":40}},"14":{"start":{"line":51,"column":4},"end":{"line":55,"column":7}},"15":{"start":{"line":57,"column":4},"end":{"line":57,"column":48}},"16":{"start":{"line":58,"column":4},"end":{"line":58,"column":61}},"17":{"start":{"line":62,"column":14},"end":{"line":96,"column":1}},"18":{"start":{"line":63,"column":2},"end":{"line":95,"column":3}},"19":{"start":{"line":64,"column":32},"end":{"line":64,"column":40}},"20":{"start":{"line":67,"column":17},"end":{"line":69,"column":6}},"21":{"start":{"line":71,"column":4},"end":{"line":73,"column":5}},"22":{"start":{"line":72,"column":6},"end":{"line":72,"column":74}},"23":{"start":{"line":76,"column":28},"end":{"line":76,"column":73}},"24":{"start":{"line":78,"column":4},"end":{"line":80,"column":5}},"25":{"start":{"line":79,"column":6},"end":{"line":79,"column":74}},"26":{"start":{"line":82,"column":18},"end":{"line":82,"column":40}},"27":{"start":{"line":85,"column":52},"end":{"line":85,"column":56}},"28":{"start":{"line":87,"column":4},"end":{"line":91,"column":7}},"29":{"start":{"line":93,"column":4},"end":{"line":93,"column":41}},"30":{"start":{"line":94,"column":4},"end":{"line":94,"column":61}},"31":{"start":{"line":98,"column":19},"end":{"line":123,"column":1}},"32":{"start":{"line":99,"column":2},"end":{"line":122,"column":3}},"33":{"start":{"line":100,"column":17},"end":{"line":116,"column":6}},"34":{"start":{"line":118,"column":4},"end":{"line":118,"column":23}},"35":{"start":{"line":120,"column":4},"end":{"line":120,"column":43}},"36":{"start":{"line":121,"column":4},"end":{"line":121,"column":61}},"37":{"start":{"line":125,"column":0},"end":{"line":129,"column":2}}},"fnMap":{"0":{"name":"(anonymous_0)","decl":{"start":{"line":5,"column":22},"end":{"line":5,"column":23}},"loc":{"start":{"line":5,"column":34},"end":{"line":7,"column":1}},"line":5},"1":{"name":"(anonymous_1)","decl":{"start":{"line":9,"column":17},"end":{"line":9,"column":18}},"loc":{"start":{"line":9,"column":37},"end":{"line":60,"column":1}},"line":9},"2":{"name":"(anonymous_2)","decl":{"start":{"line":62,"column":14},"end":{"line":62,"column":15}},"loc":{"start":{"line":62,"column":34},"end":{"line":96,"column":1}},"line":62},"3":{"name":"(anonymous_3)","decl":{"start":{"line":98,"column":19},"end":{"line":98,"column":20}},"loc":{"start":{"line":98,"column":39},"end":{"line":123,"column":1}},"line":98}},"branchMap":{"0":{"loc":{"start":{"line":18,"column":4},"end":{"line":20,"column":5}},"type":"if","locations":[{"start":{"line":18,"column":4},"end":{"line":20,"column":5}},{"start":{},"end":{}}],"line":18},"1":{"loc":{"start":{"line":32,"column":18},"end":{"line":32,"column":37}},"type":"binary-expr","locations":[{"start":{"line":32,"column":18},"end":{"line":32,"column":26}},{"start":{"line":32,"column":30},"end":{"line":32,"column":37}}],"line":32},"2":{"loc":{"start":{"line":33,"column":22},"end":{"line":33,"column":68}},"type":"cond-expr","locations":[{"start":{"line":33,"column":44},"end":{"line":33,"column":56}},{"start":{"line":33,"column":59},"end":{"line":33,"column":68}}],"line":33},"3":{"loc":{"start":{"line":34,"column":22},"end":{"line":34,"column":68}},"type":"cond-expr","locations":[{"start":{"line":34,"column":44},"end":{"line":34,"column":56}},{"start":{"line":34,"column":59},"end":{"line":34,"column":68}}],"line":34},"4":{"loc":{"start":{"line":71,"column":4},"end":{"line":73,"column":5}},"type":"if","locations":[{"start":{"line":71,"column":4},"end":{"line":73,"column":5}},{"start":{},"end":{}}],"line":71},"5":{"loc":{"start":{"line":78,"column":4},"end":{"line":80,"column":5}},"type":"if","locations":[{"start":{"line":78,"column":4},"end":{"line":80,"column":5}},{"start":{},"end":{}}],"line":78}},"s":{"0":0,"1":0,"2":0,"3":0,"4":0,"5":0,"6":0,"7":0,"8":0,"9":0,"10":0,"11":0,"12":0,"13":0,"14":0,"15":0,"16":0,"17":0,"18":0,"19":0,"20":0,"21":0,"22":0,"23":0,"24":0,"25":0,"26":0,"27":0,"28":0,"29":0,"30":0,"31":0,"32":0,"33":0,"34":0,"35":0,"36":0,"37":0},"f":{"0":0,"1":0,"2":0,"3":0},"b":{"0":[0,0],"1":[0,0],"2":[0,0],"3":[0,0],"4":[0,0],"5":[0,0]}}
,"/home/runner/work/SpareChair/SpareChair/server/controllers/bookingController.js": {"path":"/home/runner/work/SpareChair/SpareChair/server/controllers/bookingController.js","statementMap":{"0":{"start":{"line":1,"column":15},"end":{"line":1,"column":44}},"1":{"start":{"line":3,"column":22},"end":{"line":64,"column":1}},"2":{"start":{"line":4,"column":2},"end":{"line":63,"column":3}},"3":{"start":{"line":5,"column":75},"end":{"line":5,"column":83}},"4":{"start":{"line":8,"column":20},"end":{"line":10,"column":6}},"5":{"start":{"line":12,"column":4},"end":{"line":14,"column":5}},"6":{"start":{"line":13,"column":6},"end":{"line":13,"column":66}},"7":{"start":{"line":17,"column":18},"end":{"line":17,"column":55}},"8":{"start":{"line":18,"column":16},"end":{"line":18,"column":49}},"9":{"start":{"line":19,"column":23},"end":{"line":19,"column":66}},"10":{"start":{"line":20,"column":24},"end":{"line":20,"column":57}},"11":{"start":{"line":23,"column":20},"end":{"line":54,"column":6}},"12":{"start":{"line":56,"column":4},"end":{"line":59,"column":7}},"13":{"start":{"line":61,"column":4},"end":{"line":61,"column":50}},"14":{"start":{"line":62,"column":4},"end":{"line":62,"column":61}},"15":{"start":{"line":66,"column":20},"end":{"line":116,"column":1}},"16":{"start":{"line":67,"column":2},"end":{"line":115,"column":3}},"17":{"start":{"line":68,"column":39},"end":{"line":68,"column":48}},"18":{"start":{"line":70,"column":18},"end":{"line":74,"column":5}},"19":{"start":{"line":76,"column":21},"end":{"line":109,"column":6}},"20":{"start":{"line":111,"column":4},"end":{"line":111,"column":27}},"21":{"start":{"line":113,"column":4},"end":{"line":113,"column":48}},"22":{"start":{"line":114,"column":4},"end":{"line":114,"column":61}},"23":{"start":{"line":118,"column":19},"end":{"line":171,"column":1}},"24":{"start":{"line":119,"column":2},"end":{"line":170,"column":3}},"25":{"start":{"line":120,"column":19},"end":{"line":120,"column":29}},"26":{"start":{"line":122,"column":20},"end":{"line":151,"column":6}},"27":{"start":{"line":153,"column":4},"end":{"line":155,"column":5}},"28":{"start":{"line":154,"column":6},"end":{"line":154,"column":66}},"29":{"start":{"line":158,"column":20},"end":{"line":158,"column":51}},"30":{"start":{"line":159,"column":19},"end":{"line":159,"column":57}},"31":{"start":{"line":160,"column":20},"end":{"line":160,"column":49}},"32":{"start":{"line":162,"column":4},"end":{"line":164,"column":5}},"33":{"start":{"line":163,"column":6},"end":{"line":163,"column":84}},"34":{"start":{"line":166,"column":4},"end":{"line":166,"column":26}},"35":{"start":{"line":168,"column":4},"end":{"line":168,"column":47}},"36":{"start":{"line":169,"column":4},"end":{"line":169,"column":61}},"37":{"start":{"line":173,"column":28},"end":{"line":226,"column":1}},"38":{"start":{"line":174,"column":2},"end":{"line":225,"column":3}},"39":{"start":{"line":175,"column":19},"end":{"line":175,"column":29}},"40":{"start":{"line":176,"column":23},"end":{"line":176,"column":31}},"41":{"start":{"line":179,"column":28},"end":{"line":184,"column":6}},"42":{"start":{"line":186,"column":4},"end":{"line":188,"column":5}},"43":{"start":{"line":187,"column":6},"end":{"line":187,"column":66}},"44":{"start":{"line":191,"column":4},"end":{"line":193,"column":5}},"45":{"start":{"line":192,"column":6},"end":{"line":192,"column":86}},"46":{"start":{"line":195,"column":20},"end":{"line":216,"column":6}},"47":{"start":{"line":218,"column":4},"end":{"line":221,"column":7}},"48":{"start":{"line":223,"column":4},"end":{"line":223,"column":57}},"49":{"start":{"line":224,"column":4},"end":{"line":224,"column":61}},"50":{"start":{"line":228,"column":22},"end":{"line":274,"column":1}},"51":{"start":{"line":229,"column":2},"end":{"line":273,"column":3}},"52":{"start":{"line":230,"column":19},"end":{"line":230,"column":29}},"53":{"start":{"line":233,"column":28},"end":{"line":235,"column":6}},"54":{"start":{"line":237,"column":4},"end":{"line":239,"column":5}},"55":{"start":{"line":238,"column":6},"end":{"line":238,"column":66}},"56":{"start":{"line":242,"column":4},"end":{"line":244,"column":5}},"57":{"start":{"line":243,"column":6},"end":{"line":243,"column":86}},"58":{"start":{"line":247,"column":4},"end":{"line":249,"column":5}},"59":{"start":{"line":248,"column":6},"end":{"line":248,"column":75}},"60":{"start":{"line":251,"column":20},"end":{"line":264,"column":6}},"61":{"start":{"line":266,"column":4},"end":{"line":269,"column":7}},"62":{"start":{"line":271,"column":4},"end":{"line":271,"column":50}},"63":{"start":{"line":272,"column":4},"end":{"line":272,"column":61}},"64":{"start":{"line":276,"column":0},"end":{"line":282,"column":2}}},"fnMap":{"0":{"name":"(anonymous_0)","decl":{"start":{"line":3,"column":22},"end":{"line":3,"column":23}},"loc":{"start":{"line":3,"column":42},"end":{"line":64,"column":1}},"line":3},"1":{"name":"(anonymous_1)","decl":{"start":{"line":66,"column":20},"end":{"line":66,"column":21}},"loc":{"start":{"line":66,"column":40},"end":{"line":116,"column":1}},"line":66},"2":{"name":"(anonymous_2)","decl":{"start":{"line":118,"column":19},"end":{"line":118,"column":20}},"loc":{"start":{"line":118,"column":39},"end":{"line":171,"column":1}},"line":118},"3":{"name":"(anonymous_3)","decl":{"start":{"line":173,"column":28},"end":{"line":173,"column":29}},"loc":{"start":{"line":173,"column":48},"end":{"line":226,"column":1}},"line":173},"4":{"name":"(anonymous_4)","decl":{"start":{"line":228,"column":22},"end":{"line":228,"column":23}},"loc":{"start":{"line":228,"column":42},"end":{"line":274,"column":1}},"line":228}},"branchMap":{"0":{"loc":{"start":{"line":12,"column":4},"end":{"line":14,"column":5}},"type":"if","locations":[{"start":{"line":12,"column":4},"end":{"line":14,"column":5}},{"start":{},"end":{}}],"line":12},"1":{"loc":{"start":{"line":33,"column":17},"end":{"line":33,"column":32}},"type":"binary-expr","locations":[{"start":{"line":33,"column":17},"end":{"line":33,"column":24}},{"start":{"line":33,"column":28},"end":{"line":33,"column":32}}],"line":33},"2":{"loc":{"start":{"line":68,"column":20},"end":{"line":68,"column":34}},"type":"default-arg","locations":[{"start":{"line":68,"column":27},"end":{"line":68,"column":34}}],"line":68},"3":{"loc":{"start":{"line":71,"column":10},"end":{"line":71,"column":58}},"type":"cond-expr","locations":[{"start":{"line":71,"column":29},"end":{"line":71,"column":53}},{"start":{"line":71,"column":56},"end":{"line":71,"column":58}}],"line":71},"4":{"loc":{"start":{"line":72,"column":10},"end":{"line":72,"column":69}},"type":"cond-expr","locations":[{"start":{"line":72,"column":28},"end":{"line":72,"column":64}},{"start":{"line":72,"column":67},"end":{"line":72,"column":69}}],"line":72},"5":{"loc":{"start":{"line":73,"column":10},"end":{"line":73,"column":30}},"type":"binary-expr","locations":[{"start":{"line":73,"column":10},"end":{"line":73,"column":16}},{"start":{"line":73,"column":20},"end":{"line":73,"column":30}}],"line":73},"6":{"loc":{"start":{"line":153,"column":4},"end":{"line":155,"column":5}},"type":"if","locations":[{"start":{"line":153,"column":4},"end":{"line":155,"column":5}},{"start":{},"end":{}}],"line":153},"7":{"loc":{"start":{"line":162,"column":4},"end":{"line":164,"column":5}},"type":"if","locations":[{"start":{"line":162,"column":4},"end":{"line":164,"column":5}},{"start":{},"end":{}}],"line":162},"8":{"loc":{"start":{"line":162,"column":8},"end":{"line":162,"column":39}},"type":"binary-expr","locations":[{"start":{"line":162,"column":8},"end":{"line":162,"column":16}},{"start":{"line":162,"column":20},"end":{"line":162,"column":27}},{"start":{"line":162,"column":31},"end":{"line":162,"column":39}}],"line":162},"9":{"loc":{"start":{"line":186,"column":4},"end":{"line":188,"column":5}},"type":"if","locations":[{"start":{"line":186,"column":4},"end":{"line":188,"column":5}},{"start":{},"end":{}}],"line":186},"10":{"loc":{"start":{"line":191,"column":4},"end":{"line":193,"column":5}},"type":"if","locations":[{"start":{"line":191,"column":4},"end":{"line":193,"column":5}},{"start":{},"end":{}}],"line":191},"11":{"loc":{"start":{"line":191,"column":8},"end":{"line":191,"column":87}},"type":"binary-expr","locations":[{"start":{"line":191,"column":8},"end":{"line":191,"column":54}},{"start":{"line":191,"column":58},"end":{"line":191,"column":87}}],"line":191},"12":{"loc":{"start":{"line":237,"column":4},"end":{"line":239,"column":5}},"type":"if","locations":[{"start":{"line":237,"column":4},"end":{"line":239,"column":5}},{"start":{},"end":{}}],"line":237},"13":{"loc":{"start":{"line":242,"column":4},"end":{"line":244,"column":5}},"type":"if","locations":[{"start":{"line":242,"column":4},"end":{"line":244,"column":5}},{"start":{},"end":{}}],"line":242},"14":{"loc":{"start":{"line":247,"column":4},"end":{"line":249,"column":5}},"type":"if","locations":[{"start":{"line":247,"column":4},"end":{"line":249,"column":5}},{"start":{},"end":{}}],"line":247}},"s":{"0":0,"1":0,"2":0,"3":0,"4":0,"5":0,"6":0,"7":0,"8":0,"9":0,"10":0,"11":0,"12":0,"13":0,"14":0,"15":0,"16":0,"17":0,"18":0,"19":0,"20":0,"21":0,"22":0,"23":0,"24":0,"25":0,"26":0,"27":0,"28":0,"29":0,"30":0,"31":0,"32":0,"33":0,"34":0,"35":0,"36":0,"37":0,"38":0,"39":0,"40":0,"41":0,"42":0,"43":0,"44":0,"45":0,"46":0,"47":0,"48":0,"49":0,"50":0,"51":0,"52":0,"53":0,"54":0,"55":0,"56":0,"57":0,"58":0,"59":0,"60":0,"61":0,"62":0,"63":0,"64":0},"f":{"0":0,"1":0,"2":0,"3":0,"4":0},"b":{"0":[0,0],"1":[0,0],"2":[0],"3":[0,0],"4":[0,0],"5":[0,0],"6":[0,0],"7":[0,0],"8":[0,0,0],"9":[0,0],"10":[0,0],"11":[0,0],"12":[0,0],"13":[0,0],"14":[0,0]}}
,"/home/runner/work/SpareChair/SpareChair/server/controllers/listingController.js": {"path":"/home/runner/work/SpareChair/SpareChair/server/controllers/listingController.js","statementMap":{"0":{"start":{"line":1,"column":15},"end":{"line":1,"column":44}},"1":{"start":{"line":3,"column":22},"end":{"line":56,"column":1}},"2":{"start":{"line":4,"column":2},"end":{"line":55,"column":3}},"3":{"start":{"line":17,"column":8},"end":{"line":17,"column":16}},"4":{"start":{"line":19,"column":20},"end":{"line":46,"column":6}},"5":{"start":{"line":48,"column":4},"end":{"line":51,"column":7}},"6":{"start":{"line":53,"column":4},"end":{"line":53,"column":50}},"7":{"start":{"line":54,"column":4},"end":{"line":54,"column":61}},"8":{"start":{"line":58,"column":20},"end":{"line":138,"column":1}},"9":{"start":{"line":59,"column":2},"end":{"line":137,"column":3}},"10":{"start":{"line":69,"column":8},"end":{"line":69,"column":17}},"11":{"start":{"line":71,"column":17},"end":{"line":71,"column":55}},"12":{"start":{"line":72,"column":17},"end":{"line":72,"column":32}},"13":{"start":{"line":74,"column":18},"end":{"line":87,"column":5}},"14":{"start":{"line":89,"column":30},"end":{"line":113,"column":6}},"15":{"start":{"line":116,"column":31},"end":{"line":123,"column":7}},"16":{"start":{"line":116,"column":58},"end":{"line":123,"column":5}},"17":{"start":{"line":120,"column":52},"end":{"line":120,"column":71}},"18":{"start":{"line":125,"column":4},"end":{"line":133,"column":7}},"19":{"start":{"line":135,"column":4},"end":{"line":135,"column":48}},"20":{"start":{"line":136,"column":4},"end":{"line":136,"column":61}},"21":{"start":{"line":140,"column":19},"end":{"line":199,"column":1}},"22":{"start":{"line":141,"column":2},"end":{"line":198,"column":3}},"23":{"start":{"line":142,"column":19},"end":{"line":142,"column":29}},"24":{"start":{"line":144,"column":20},"end":{"line":178,"column":6}},"25":{"start":{"line":180,"column":4},"end":{"line":182,"column":5}},"26":{"start":{"line":181,"column":6},"end":{"line":181,"column":66}},"27":{"start":{"line":186,"column":6},"end":{"line":188,"column":11}},"28":{"start":{"line":187,"column":50},"end":{"line":187,"column":69}},"29":{"start":{"line":190,"column":4},"end":{"line":194,"column":7}},"30":{"start":{"line":196,"column":4},"end":{"line":196,"column":47}},"31":{"start":{"line":197,"column":4},"end":{"line":197,"column":61}},"32":{"start":{"line":201,"column":22},"end":{"line":242,"column":1}},"33":{"start":{"line":202,"column":2},"end":{"line":241,"column":3}},"34":{"start":{"line":203,"column":19},"end":{"line":203,"column":29}},"35":{"start":{"line":206,"column":28},"end":{"line":208,"column":6}},"36":{"start":{"line":210,"column":4},"end":{"line":212,"column":5}},"37":{"start":{"line":211,"column":6},"end":{"line":211,"column":66}},"38":{"start":{"line":214,"column":4},"end":{"line":216,"column":5}},"39":{"start":{"line":215,"column":6},"end":{"line":215,"column":86}},"40":{"start":{"line":218,"column":20},"end":{"line":232,"column":6}},"41":{"start":{"line":234,"column":4},"end":{"line":237,"column":7}},"42":{"start":{"line":239,"column":4},"end":{"line":239,"column":50}},"43":{"start":{"line":240,"column":4},"end":{"line":240,"column":61}},"44":{"start":{"line":244,"column":22},"end":{"line":270,"column":1}},"45":{"start":{"line":245,"column":2},"end":{"line":269,"column":3}},"46":{"start":{"line":246,"column":19},"end":{"line":246,"column":29}},"47":{"start":{"line":249,"column":28},"end":{"line":251,"column":6}},"48":{"start":{"line":253,"column":4},"end":{"line":255,"column":5}},"49":{"start":{"line":254,"column":6},"end":{"line":254,"column":66}},"50":{"start":{"line":257,"column":4},"end":{"line":259,"column":5}},"51":{"start":{"line":258,"column":6},"end":{"line":258,"column":86}},"52":{"start":{"line":261,"column":4},"end":{"line":263,"column":7}},"53":{"start":{"line":265,"column":4},"end":{"line":265,"column":58}},"54":{"start":{"line":267,"column":4},"end":{"line":267,"column":50}},"55":{"start":{"line":268,"column":4},"end":{"line":268,"column":61}},"56":{"start":{"line":272,"column":22},"end":{"line":308,"column":1}},"57":{"start":{"line":273,"column":2},"end":{"line":307,"column":3}},"58":{"start":{"line":274,"column":21},"end":{"line":290,"column":6}},"59":{"start":{"line":292,"column":30},"end":{"line":301,"column":7}},"60":{"start":{"line":292,"column":57},"end":{"line":301,"column":5}},"61":{"start":{"line":296,"column":52},"end":{"line":296,"column":71}},"62":{"start":{"line":300,"column":53},"end":{"line":300,"column":77}},"63":{"start":{"line":303,"column":4},"end":{"line":303,"column":46}},"64":{"start":{"line":305,"column":4},"end":{"line":305,"column":51}},"65":{"start":{"line":306,"column":4},"end":{"line":306,"column":61}},"66":{"start":{"line":310,"column":0},"end":{"line":317,"column":2}}},"fnMap":{"0":{"name":"(anonymous_0)","decl":{"start":{"line":3,"column":22},"end":{"line":3,"column":23}},"loc":{"start":{"line":3,"column":42},"end":{"line":56,"column":1}},"line":3},"1":{"name":"(anonymous_1)","decl":{"start":{"line":58,"column":20},"end":{"line":58,"column":21}},"loc":{"start":{"line":58,"column":40},"end":{"line":138,"column":1}},"line":58},"2":{"name":"(anonymous_2)","decl":{"start":{"line":116,"column":44},"end":{"line":116,"column":45}},"loc":{"start":{"line":116,"column":58},"end":{"line":123,"column":5}},"line":116},"3":{"name":"(anonymous_3)","decl":{"start":{"line":120,"column":35},"end":{"line":120,"column":36}},"loc":{"start":{"line":120,"column":52},"end":{"line":120,"column":71}},"line":120},"4":{"name":"(anonymous_4)","decl":{"start":{"line":140,"column":19},"end":{"line":140,"column":20}},"loc":{"start":{"line":140,"column":39},"end":{"line":199,"column":1}},"line":140},"5":{"name":"(anonymous_5)","decl":{"start":{"line":187,"column":33},"end":{"line":187,"column":34}},"loc":{"start":{"line":187,"column":50},"end":{"line":187,"column":69}},"line":187},"6":{"name":"(anonymous_6)","decl":{"start":{"line":201,"column":22},"end":{"line":201,"column":23}},"loc":{"start":{"line":201,"column":42},"end":{"line":242,"column":1}},"line":201},"7":{"name":"(anonymous_7)","decl":{"start":{"line":244,"column":22},"end":{"line":244,"column":23}},"loc":{"start":{"line":244,"column":42},"end":{"line":270,"column":1}},"line":244},"8":{"name":"(anonymous_8)","decl":{"start":{"line":272,"column":22},"end":{"line":272,"column":23}},"loc":{"start":{"line":272,"column":42},"end":{"line":308,"column":1}},"line":272},"9":{"name":"(anonymous_9)","decl":{"start":{"line":292,"column":43},"end":{"line":292,"column":44}},"loc":{"start":{"line":292,"column":57},"end":{"line":301,"column":5}},"line":292},"10":{"name":"(anonymous_10)","decl":{"start":{"line":296,"column":35},"end":{"line":296,"column":36}},"loc":{"start":{"line":296,"column":52},"end":{"line":296,"column":71}},"line":296},"11":{"name":"(anonymous_11)","decl":{"start":{"line":300,"column":46},"end":{"line":300,"column":47}},"loc":{"start":{"line":300,"column":53},"end":{"line":300,"column":77}},"line":300}},"branchMap":{"0":{"loc":{"start":{"line":30,"column":21},"end":{"line":30,"column":65}},"type":"cond-expr","locations":[{"start":{"line":30,"column":35},"end":{"line":30,"column":58}},{"start":{"line":30,"column":61},"end":{"line":30,"column":65}}],"line":30},"1":{"loc":{"start":{"line":31,"column":19},"end":{"line":31,"column":34}},"type":"binary-expr","locations":[{"start":{"line":31,"column":19},"end":{"line":31,"column":28}},{"start":{"line":31,"column":32},"end":{"line":31,"column":34}}],"line":31},"2":{"loc":{"start":{"line":61,"column":6},"end":{"line":61,"column":14}},"type":"default-arg","locations":[{"start":{"line":61,"column":13},"end":{"line":61,"column":14}}],"line":61},"3":{"loc":{"start":{"line":62,"column":6},"end":{"line":62,"column":16}},"type":"default-arg","locations":[{"start":{"line":62,"column":14},"end":{"line":62,"column":16}}],"line":62},"4":{"loc":{"start":{"line":76,"column":10},"end":{"line":76,"column":67}},"type":"binary-expr","locations":[{"start":{"line":76,"column":10},"end":{"line":76,"column":14}},{"start":{"line":76,"column":18},"end":{"line":76,"column":67}}],"line":76},"5":{"loc":{"start":{"line":77,"column":10},"end":{"line":77,"column":42}},"type":"binary-expr","locations":[{"start":{"line":77,"column":10},"end":{"line":77,"column":22}},{"start":{"line":77,"column":26},"end":{"line":77,"column":42}}],"line":77},"6":{"loc":{"start":{"line":78,"column":10},"end":{"line":78,"column":36}},"type":"binary-expr","locations":[{"start":{"line":78,"column":10},"end":{"line":78,"column":19}},{"start":{"line":78,"column":23},"end":{"line":78,"column":36}}],"line":78},"7":{"loc":{"start":{"line":79,"column":10},"end":{"line":79,"column":69}},"type":"binary-expr","locations":[{"start":{"line":79,"column":10},"end":{"line":79,"column":18}},{"start":{"line":79,"column":22},"end":{"line":79,"column":69}}],"line":79},"8":{"loc":{"start":{"line":80,"column":10},"end":{"line":80,"column":69}},"type":"binary-expr","locations":[{"start":{"line":80,"column":10},"end":{"line":80,"column":18}},{"start":{"line":80,"column":22},"end":{"line":80,"column":69}}],"line":80},"9":{"loc":{"start":{"line":81,"column":10},"end":{"line":86,"column":7}},"type":"binary-expr","locations":[{"start":{"line":81,"column":10},"end":{"line":81,"column":16}},{"start":{"line":81,"column":20},"end":{"line":86,"column":7}}],"line":81},"10":{"loc":{"start":{"line":119,"column":8},"end":{"line":121,"column":13}},"type":"cond-expr","locations":[{"start":{"line":120,"column":12},"end":{"line":120,"column":100}},{"start":{"line":121,"column":12},"end":{"line":121,"column":13}}],"line":119},"11":{"loc":{"start":{"line":180,"column":4},"end":{"line":182,"column":5}},"type":"if","locations":[{"start":{"line":180,"column":4},"end":{"line":182,"column":5}},{"start":{},"end":{}}],"line":180},"12":{"loc":{"start":{"line":186,"column":6},"end":{"line":188,"column":11}},"type":"cond-expr","locations":[{"start":{"line":187,"column":10},"end":{"line":187,"column":98}},{"start":{"line":188,"column":10},"end":{"line":188,"column":11}}],"line":186},"13":{"loc":{"start":{"line":210,"column":4},"end":{"line":212,"column":5}},"type":"if","locations":[{"start":{"line":210,"column":4},"end":{"line":212,"column":5}},{"start":{},"end":{}}],"line":210},"14":{"loc":{"start":{"line":214,"column":4},"end":{"line":216,"column":5}},"type":"if","locations":[{"start":{"line":214,"column":4},"end":{"line":216,"column":5}},{"start":{},"end":{}}],"line":214},"15":{"loc":{"start":{"line":253,"column":4},"end":{"line":255,"column":5}},"type":"if","locations":[{"start":{"line":253,"column":4},"end":{"line":255,"column":5}},{"start":{},"end":{}}],"line":253},"16":{"loc":{"start":{"line":257,"column":4},"end":{"line":259,"column":5}},"type":"if","locations":[{"start":{"line":257,"column":4},"end":{"line":259,"column":5}},{"start":{},"end":{}}],"line":257},"17":{"loc":{"start":{"line":295,"column":8},"end":{"line":297,"column":13}},"type":"cond-expr","locations":[{"start":{"line":296,"column":12},"end":{"line":296,"column":100}},{"start":{"line":297,"column":12},"end":{"line":297,"column":13}}],"line":295}},"s":{"0":0,"1":0,"2":0,"3":0,"4":0,"5":0,"6":0,"7":0,"8":0,"9":0,"10":0,"11":0,"12":0,"13":0,"14":0,"15":0,"16":0,"17":0,"18":0,"19":0,"20":0,"21":0,"22":0,"23":0,"24":0,"25":0,"26":0,"27":0,"28":0,"29":0,"30":0,"31":0,"32":0,"33":0,"34":0,"35":0,"36":0,"37":0,"38":0,"39":0,"40":0,"41":0,"42":0,"43":0,"44":0,"45":0,"46":0,"47":0,"48":0,"49":0,"50":0,"51":0,"52":0,"53":0,"54":0,"55":0,"56":0,"57":0,"58":0,"59":0,"60":0,"61":0,"62":0,"63":0,"64":0,"65":0,"66":0},"f":{"0":0,"1":0,"2":0,"3":0,"4":0,"5":0,"6":0,"7":0,"8":0,"9":0,"10":0,"11":0},"b":{"0":[0,0],"1":[0,0],"2":[0],"3":[0],"4":[0,0],"5":[0,0],"6":[0,0],"7":[0,0],"8":[0,0],"9":[0,0],"10":[0,0],"11":[0,0],"12":[0,0],"13":[0,0],"14":[0,0],"15":[0,0],"16":[0,0],"17":[0,0]}}
,"/home/runner/work/SpareChair/SpareChair/server/controllers/reviewController.js": {"path":"/home/runner/work/SpareChair/SpareChair/server/controllers/reviewController.js","statementMap":{"0":{"start":{"line":1,"column":15},"end":{"line":1,"column":44}},"1":{"start":{"line":3,"column":21},"end":{"line":71,"column":1}},"2":{"start":{"line":4,"column":2},"end":{"line":70,"column":3}},"3":{"start":{"line":5,"column":43},"end":{"line":5,"column":51}},"4":{"start":{"line":8,"column":20},"end":{"line":13,"column":6}},"5":{"start":{"line":15,"column":4},"end":{"line":17,"column":5}},"6":{"start":{"line":16,"column":6},"end":{"line":16,"column":66}},"7":{"start":{"line":19,"column":4},"end":{"line":21,"column":5}},"8":{"start":{"line":20,"column":6},"end":{"line":20,"column":86}},"9":{"start":{"line":23,"column":4},"end":{"line":25,"column":5}},"10":{"start":{"line":24,"column":6},"end":{"line":24,"column":83}},"11":{"start":{"line":28,"column":27},"end":{"line":30,"column":6}},"12":{"start":{"line":32,"column":4},"end":{"line":34,"column":5}},"13":{"start":{"line":33,"column":6},"end":{"line":33,"column":87}},"14":{"start":{"line":36,"column":19},"end":{"line":61,"column":6}},"15":{"start":{"line":63,"column":4},"end":{"line":66,"column":7}},"16":{"start":{"line":68,"column":4},"end":{"line":68,"column":49}},"17":{"start":{"line":69,"column":4},"end":{"line":69,"column":61}},"18":{"start":{"line":73,"column":19},"end":{"line":109,"column":1}},"19":{"start":{"line":74,"column":2},"end":{"line":108,"column":3}},"20":{"start":{"line":75,"column":43},"end":{"line":75,"column":52}},"21":{"start":{"line":77,"column":18},"end":{"line":81,"column":5}},"22":{"start":{"line":83,"column":20},"end":{"line":102,"column":6}},"23":{"start":{"line":104,"column":4},"end":{"line":104,"column":26}},"24":{"start":{"line":106,"column":4},"end":{"line":106,"column":47}},"25":{"start":{"line":107,"column":4},"end":{"line":107,"column":61}},"26":{"start":{"line":111,"column":21},"end":{"line":161,"column":1}},"27":{"start":{"line":112,"column":2},"end":{"line":160,"column":3}},"28":{"start":{"line":113,"column":19},"end":{"line":113,"column":29}},"29":{"start":{"line":114,"column":32},"end":{"line":114,"column":40}},"30":{"start":{"line":117,"column":27},"end":{"line":119,"column":6}},"31":{"start":{"line":121,"column":4},"end":{"line":123,"column":5}},"32":{"start":{"line":122,"column":6},"end":{"line":122,"column":65}},"33":{"start":{"line":125,"column":4},"end":{"line":127,"column":5}},"34":{"start":{"line":126,"column":6},"end":{"line":126,"column":85}},"35":{"start":{"line":129,"column":19},"end":{"line":151,"column":6}},"36":{"start":{"line":153,"column":4},"end":{"line":156,"column":7}},"37":{"start":{"line":158,"column":4},"end":{"line":158,"column":49}},"38":{"start":{"line":159,"column":4},"end":{"line":159,"column":61}},"39":{"start":{"line":163,"column":21},"end":{"line":189,"column":1}},"40":{"start":{"line":164,"column":2},"end":{"line":188,"column":3}},"41":{"start":{"line":165,"column":19},"end":{"line":165,"column":29}},"42":{"start":{"line":168,"column":27},"end":{"line":170,"column":6}},"43":{"start":{"line":172,"column":4},"end":{"line":174,"column":5}},"44":{"start":{"line":173,"column":6},"end":{"line":173,"column":65}},"45":{"start":{"line":176,"column":4},"end":{"line":178,"column":5}},"46":{"start":{"line":177,"column":6},"end":{"line":177,"column":85}},"47":{"start":{"line":180,"column":4},"end":{"line":182,"column":7}},"48":{"start":{"line":184,"column":4},"end":{"line":184,"column":57}},"49":{"start":{"line":186,"column":4},"end":{"line":186,"column":49}},"50":{"start":{"line":187,"column":4},"end":{"line":187,"column":61}},"51":{"start":{"line":191,"column":0},"end":{"line":196,"column":2}}},"fnMap":{"0":{"name":"(anonymous_0)","decl":{"start":{"line":3,"column":21},"end":{"line":3,"column":22}},"loc":{"start":{"line":3,"column":41},"end":{"line":71,"column":1}},"line":3},"1":{"name":"(anonymous_1)","decl":{"start":{"line":73,"column":19},"end":{"line":73,"column":20}},"loc":{"start":{"line":73,"column":39},"end":{"line":109,"column":1}},"line":73},"2":{"name":"(anonymous_2)","decl":{"start":{"line":111,"column":21},"end":{"line":111,"column":22}},"loc":{"start":{"line":111,"column":41},"end":{"line":161,"column":1}},"line":111},"3":{"name":"(anonymous_3)","decl":{"start":{"line":163,"column":21},"end":{"line":163,"column":22}},"loc":{"start":{"line":163,"column":41},"end":{"line":189,"column":1}},"line":163}},"branchMap":{"0":{"loc":{"start":{"line":15,"column":4},"end":{"line":17,"column":5}},"type":"if","locations":[{"start":{"line":15,"column":4},"end":{"line":17,"column":5}},{"start":{},"end":{}}],"line":15},"1":{"loc":{"start":{"line":19,"column":4},"end":{"line":21,"column":5}},"type":"if","locations":[{"start":{"line":19,"column":4},"end":{"line":21,"column":5}},{"start":{},"end":{}}],"line":19},"2":{"loc":{"start":{"line":23,"column":4},"end":{"line":25,"column":5}},"type":"if","locations":[{"start":{"line":23,"column":4},"end":{"line":25,"column":5}},{"start":{},"end":{}}],"line":23},"3":{"loc":{"start":{"line":32,"column":4},"end":{"line":34,"column":5}},"type":"if","locations":[{"start":{"line":32,"column":4},"end":{"line":34,"column":5}},{"start":{},"end":{}}],"line":32},"4":{"loc":{"start":{"line":78,"column":10},"end":{"line":78,"column":36}},"type":"binary-expr","locations":[{"start":{"line":78,"column":10},"end":{"line":78,"column":19}},{"start":{"line":78,"column":23},"end":{"line":78,"column":36}}],"line":78},"5":{"loc":{"start":{"line":79,"column":10},"end":{"line":79,"column":30}},"type":"binary-expr","locations":[{"start":{"line":79,"column":10},"end":{"line":79,"column":16}},{"start":{"line":79,"column":20},"end":{"line":79,"column":30}}],"line":79},"6":{"loc":{"start":{"line":80,"column":10},"end":{"line":80,"column":32}},"type":"binary-expr","locations":[{"start":{"line":80,"column":10},"end":{"line":80,"column":17}},{"start":{"line":80,"column":21},"end":{"line":80,"column":32}}],"line":80},"7":{"loc":{"start":{"line":121,"column":4},"end":{"line":123,"column":5}},"type":"if","locations":[{"start":{"line":121,"column":4},"end":{"line":123,"column":5}},{"start":{},"end":{}}],"line":121},"8":{"loc":{"start":{"line":125,"column":4},"end":{"line":127,"column":5}},"type":"if","locations":[{"start":{"line":125,"column":4},"end":{"line":127,"column":5}},{"start":{},"end":{}}],"line":125},"9":{"loc":{"start":{"line":172,"column":4},"end":{"line":174,"column":5}},"type":"if","locations":[{"start":{"line":172,"column":4},"end":{"line":174,"column":5}},{"start":{},"end":{}}],"line":172},"10":{"loc":{"start":{"line":176,"column":4},"end":{"line":178,"column":5}},"type":"if","locations":[{"start":{"line":176,"column":4},"end":{"line":178,"column":5}},{"start":{},"end":{}}],"line":176},"11":{"loc":{"start":{"line":176,"column":8},"end":{"line":176,"column":79}},"type":"binary-expr","locations":[{"start":{"line":176,"column":8},"end":{"line":176,"column":46}},{"start":{"line":176,"column":50},"end":{"line":176,"column":79}}],"line":176}},"s":{"0":0,"1":0,"2":0,"3":0,"4":0,"5":0,"6":0,"7":0,"8":0,"9":0,"10":0,"11":0,"12":0,"13":0,"14":0,"15":0,"16":0,"17":0,"18":0,"19":0,"20":0,"21":0,"22":0,"23":0,"24":0,"25":0,"26":0,"27":0,"28":0,"29":0,"30":0,"31":0,"32":0,"33":0,"34":0,"35":0,"36":0,"37":0,"38":0,"39":0,"40":0,"41":0,"42":0,"43":0,"44":0,"45":0,"46":0,"47":0,"48":0,"49":0,"50":0,"51":0},"f":{"0":0,"1":0,"2":0,"3":0},"b":{"0":[0,0],"1":[0,0],"2":[0,0],"3":[0,0],"4":[0,0],"5":[0,0],"6":[0,0],"7":[0,0],"8":[0,0],"9":[0,0],"10":[0,0],"11":[0,0]}}
,"/home/runner/work/SpareChair/SpareChair/server/controllers/userController.js": {"path":"/home/runner/work/SpareChair/SpareChair/server/controllers/userController.js","statementMap":{},"fnMap":{},"branchMap":{},"s":{},"f":{},"b":{}}
,"/home/runner/work/SpareChair/SpareChair/server/middleware/auth.js": {"path":"/home/runner/work/SpareChair/SpareChair/server/middleware/auth.js","statementMap":{"0":{"start":{"line":1,"column":12},"end":{"line":1,"column":35}},"1":{"start":{"line":2,"column":15},"end":{"line":2,"column":44}},"2":{"start":{"line":4,"column":23},"end":{"line":34,"column":1}},"3":{"start":{"line":5,"column":2},"end":{"line":33,"column":3}},"4":{"start":{"line":6,"column":18},"end":{"line":6,"column":69}},"5":{"start":{"line":8,"column":4},"end":{"line":10,"column":5}},"6":{"start":{"line":9,"column":6},"end":{"line":9,"column":82}},"7":{"start":{"line":12,"column":20},"end":{"line":12,"column":61}},"8":{"start":{"line":13,"column":17},"end":{"line":23,"column":6}},"9":{"start":{"line":25,"column":4},"end":{"line":27,"column":5}},"10":{"start":{"line":26,"column":6},"end":{"line":26,"column":63}},"11":{"start":{"line":29,"column":4},"end":{"line":29,"column":20}},"12":{"start":{"line":30,"column":4},"end":{"line":30,"column":11}},"13":{"start":{"line":32,"column":4},"end":{"line":32,"column":54}},"14":{"start":{"line":36,"column":23},"end":{"line":41,"column":1}},"15":{"start":{"line":37,"column":2},"end":{"line":39,"column":3}},"16":{"start":{"line":38,"column":4},"end":{"line":38,"column":87}},"17":{"start":{"line":40,"column":2},"end":{"line":40,"column":9}},"18":{"start":{"line":43,"column":24},"end":{"line":48,"column":1}},"19":{"start":{"line":44,"column":2},"end":{"line":46,"column":3}},"20":{"start":{"line":45,"column":4},"end":{"line":45,"column":88}},"21":{"start":{"line":47,"column":2},"end":{"line":47,"column":9}},"22":{"start":{"line":50,"column":0},"end":{"line":54,"column":2}}},"fnMap":{"0":{"name":"(anonymous_0)","decl":{"start":{"line":4,"column":23},"end":{"line":4,"column":24}},"loc":{"start":{"line":4,"column":49},"end":{"line":34,"column":1}},"line":4},"1":{"name":"(anonymous_1)","decl":{"start":{"line":36,"column":23},"end":{"line":36,"column":24}},"loc":{"start":{"line":36,"column":43},"end":{"line":41,"column":1}},"line":36},"2":{"name":"(anonymous_2)","decl":{"start":{"line":43,"column":24},"end":{"line":43,"column":25}},"loc":{"start":{"line":43,"column":44},"end":{"line":48,"column":1}},"line":43}},"branchMap":{"0":{"loc":{"start":{"line":8,"column":4},"end":{"line":10,"column":5}},"type":"if","locations":[{"start":{"line":8,"column":4},"end":{"line":10,"column":5}},{"start":{},"end":{}}],"line":8},"1":{"loc":{"start":{"line":25,"column":4},"end":{"line":27,"column":5}},"type":"if","locations":[{"start":{"line":25,"column":4},"end":{"line":27,"column":5}},{"start":{},"end":{}}],"line":25},"2":{"loc":{"start":{"line":37,"column":2},"end":{"line":39,"column":3}},"type":"if","locations":[{"start":{"line":37,"column":2},"end":{"line":39,"column":3}},{"start":{},"end":{}}],"line":37},"3":{"loc":{"start":{"line":37,"column":6},"end":{"line":37,"column":67}},"type":"binary-expr","locations":[{"start":{"line":37,"column":6},"end":{"line":37,"column":34}},{"start":{"line":37,"column":38},"end":{"line":37,"column":67}}],"line":37},"4":{"loc":{"start":{"line":44,"column":2},"end":{"line":46,"column":3}},"type":"if","locations":[{"start":{"line":44,"column":2},"end":{"line":46,"column":3}},{"start":{},"end":{}}],"line":44}},"s":{"0":0,"1":0,"2":0,"3":0,"4":0,"5":0,"6":0,"7":0,"8":0,"9":0,"10":0,"11":0,"12":0,"13":0,"14":0,"15":0,"16":0,"17":0,"18":0,"19":0,"20":0,"21":0,"22":0},"f":{"0":0,"1":0,"2":0},"b":{"0":[0,0],"1":[0,0],"2":[0,0],"3":[0,0],"4":[0,0]}}
,"/home/runner/work/SpareChair/SpareChair/server/middleware/errorHandler.js": {"path":"/home/runner/work/SpareChair/SpareChair/server/middleware/errorHandler.js","statementMap":{"0":{"start":{"line":1,"column":15},"end":{"line":1,"column":42}},"1":{"start":{"line":5,"column":4},"end":{"line":5,"column":19}},"2":{"start":{"line":6,"column":4},"end":{"line":6,"column":33}},"3":{"start":{"line":7,"column":4},"end":{"line":7,"column":69}},"4":{"start":{"line":8,"column":4},"end":{"line":8,"column":30}},"5":{"start":{"line":9,"column":4},"end":{"line":9,"column":52}},"6":{"start":{"line":13,"column":21},"end":{"line":53,"column":1}},"7":{"start":{"line":14,"column":2},"end":{"line":14,"column":41}},"8":{"start":{"line":15,"column":2},"end":{"line":15,"column":37}},"9":{"start":{"line":18,"column":2},"end":{"line":26,"column":5}},"10":{"start":{"line":29,"column":2},"end":{"line":52,"column":3}},"11":{"start":{"line":30,"column":4},"end":{"line":35,"column":7}},"12":{"start":{"line":38,"column":4},"end":{"line":51,"column":5}},"13":{"start":{"line":40,"column":6},"end":{"line":43,"column":9}},"14":{"start":{"line":46,"column":6},"end":{"line":46,"column":42}},"15":{"start":{"line":47,"column":6},"end":{"line":50,"column":9}},"16":{"start":{"line":55,"column":0},"end":{"line":55,"column":44}}},"fnMap":{"0":{"name":"(anonymous_0)","decl":{"start":{"line":4,"column":2},"end":{"line":4,"column":3}},"loc":{"start":{"line":4,"column":35},"end":{"line":10,"column":3}},"line":4},"1":{"name":"(anonymous_1)","decl":{"start":{"line":13,"column":21},"end":{"line":13,"column":22}},"loc":{"start":{"line":13,"column":46},"end":{"line":53,"column":1}},"line":13}},"branchMap":{"0":{"loc":{"start":{"line":7,"column":18},"end":{"line":7,"column":68}},"type":"cond-expr","locations":[{"start":{"line":7,"column":52},"end":{"line":7,"column":58}},{"start":{"line":7,"column":61},"end":{"line":7,"column":68}}],"line":7},"1":{"loc":{"start":{"line":14,"column":19},"end":{"line":14,"column":40}},"type":"binary-expr","locations":[{"start":{"line":14,"column":19},"end":{"line":14,"column":33}},{"start":{"line":14,"column":37},"end":{"line":14,"column":40}}],"line":14},"2":{"loc":{"start":{"line":15,"column":15},"end":{"line":15,"column":36}},"type":"binary-expr","locations":[{"start":{"line":15,"column":15},"end":{"line":15,"column":25}},{"start":{"line":15,"column":29},"end":{"line":15,"column":36}}],"line":15},"3":{"loc":{"start":{"line":29,"column":2},"end":{"line":52,"column":3}},"type":"if","locations":[{"start":{"line":29,"column":2},"end":{"line":52,"column":3}},{"start":{"line":36,"column":9},"end":{"line":52,"column":3}}],"line":29},"4":{"loc":{"start":{"line":38,"column":4},"end":{"line":51,"column":5}},"type":"if","locations":[{"start":{"line":38,"column":4},"end":{"line":51,"column":5}},{"start":{"line":44,"column":11},"end":{"line":51,"column":5}}],"line":38}},"s":{"0":2,"1":9,"2":9,"3":9,"4":9,"5":9,"6":2,"7":4,"8":4,"9":4,"10":4,"11":1,"12":3,"13":2,"14":1,"15":1,"16":2},"f":{"0":9,"1":4},"b":{"0":[8,1],"1":[4,1],"2":[4,1],"3":[1,3],"4":[2,1]},"_coverageSchema":"1a1c01bbd47fc00a2c39e90264f33305004495a9","hash":"3592a86631f2592bb8665e7109b139ef64e00e3a"}
,"/home/runner/work/SpareChair/SpareChair/server/middleware/rateLimiter.js": {"path":"/home/runner/work/SpareChair/SpareChair/server/middleware/rateLimiter.js","statementMap":{"0":{"start":{"line":1,"column":18},"end":{"line":1,"column":47}},"1":{"start":{"line":4,"column":16},"end":{"line":10,"column":2}},"2":{"start":{"line":13,"column":20},"end":{"line":20,"column":2}},"3":{"start":{"line":23,"column":22},"end":{"line":29,"column":2}},"4":{"start":{"line":31,"column":0},"end":{"line":31,"column":57}}},"fnMap":{},"branchMap":{},"s":{"0":0,"1":0,"2":0,"3":0,"4":0},"f":{},"b":{}}
,"/home/runner/work/SpareChair/SpareChair/server/middleware/validate.js": {"path":"/home/runner/work/SpareChair/SpareChair/server/middleware/validate.js","statementMap":{"0":{"start":{"line":1,"column":12},"end":{"line":1,"column":26}},"1":{"start":{"line":2,"column":21},"end":{"line":2,"column":46}},"2":{"start":{"line":4,"column":17},"end":{"line":18,"column":1}},"3":{"start":{"line":5,"column":2},"end":{"line":17,"column":4}},"4":{"start":{"line":6,"column":22},"end":{"line":9,"column":6}},"5":{"start":{"line":11,"column":4},"end":{"line":14,"column":5}},"6":{"start":{"line":12,"column":27},"end":{"line":12,"column":83}},"7":{"start":{"line":12,"column":57},"end":{"line":12,"column":71}},"8":{"start":{"line":13,"column":6},"end":{"line":13,"column":51}},"9":{"start":{"line":16,"column":4},"end":{"line":16,"column":11}},"10":{"start":{"line":21,"column":16},"end":{"line":96,"column":1}},"11":{"start":{"line":98,"column":0},"end":{"line":98,"column":39}}},"fnMap":{"0":{"name":"(anonymous_0)","decl":{"start":{"line":4,"column":17},"end":{"line":4,"column":18}},"loc":{"start":{"line":4,"column":29},"end":{"line":18,"column":1}},"line":4},"1":{"name":"(anonymous_1)","decl":{"start":{"line":5,"column":9},"end":{"line":5,"column":10}},"loc":{"start":{"line":5,"column":29},"end":{"line":17,"column":3}},"line":5},"2":{"name":"(anonymous_2)","decl":{"start":{"line":12,"column":45},"end":{"line":12,"column":46}},"loc":{"start":{"line":12,"column":57},"end":{"line":12,"column":71}},"line":12}},"branchMap":{"0":{"loc":{"start":{"line":11,"column":4},"end":{"line":14,"column":5}},"type":"if","locations":[{"start":{"line":11,"column":4},"end":{"line":14,"column":5}},{"start":{},"end":{}}],"line":11}},"s":{"0":1,"1":1,"2":1,"3":7,"4":7,"5":7,"6":4,"7":4,"8":4,"9":3,"10":1,"11":1},"f":{"0":7,"1":7,"2":4},"b":{"0":[4,3]},"_coverageSchema":"1a1c01bbd47fc00a2c39e90264f33305004495a9","hash":"d822fe02150756dc504dc8701cf7ee71473fb6b7"}
,"/home/runner/work/SpareChair/SpareChair/server/routes/auth.js": {"path":"/home/runner/work/SpareChair/SpareChair/server/routes/auth.js","statementMap":{"0":{"start":{"line":1,"column":16},"end":{"line":1,"column":34}},"1":{"start":{"line":2,"column":40},"end":{"line":2,"column":80}},"2":{"start":{"line":3,"column":27},"end":{"line":3,"column":56}},"3":{"start":{"line":5,"column":15},"end":{"line":5,"column":31}},"4":{"start":{"line":8,"column":0},"end":{"line":8,"column":35}},"5":{"start":{"line":9,"column":0},"end":{"line":9,"column":29}},"6":{"start":{"line":12,"column":0},"end":{"line":12,"column":51}},"7":{"start":{"line":14,"column":0},"end":{"line":14,"column":24}}},"fnMap":{},"branchMap":{},"s":{"0":0,"1":0,"2":0,"3":0,"4":0,"5":0,"6":0,"7":0},"f":{},"b":{}}
,"/home/runner/work/SpareChair/SpareChair/server/routes/bookings.js": {"path":"/home/runner/work/SpareChair/SpareChair/server/routes/bookings.js","statementMap":{"0":{"start":{"line":1,"column":16},"end":{"line":1,"column":34}},"1":{"start":{"line":8,"column":4},"end":{"line":8,"column":47}},"2":{"start":{"line":9,"column":27},"end":{"line":9,"column":56}},"3":{"start":{"line":11,"column":15},"end":{"line":11,"column":31}},"4":{"start":{"line":14,"column":0},"end":{"line":14,"column":27}},"5":{"start":{"line":16,"column":0},"end":{"line":16,"column":32}},"6":{"start":{"line":17,"column":0},"end":{"line":17,"column":29}},"7":{"start":{"line":18,"column":0},"end":{"line":18,"column":31}},"8":{"start":{"line":19,"column":0},"end":{"line":19,"column":47}},"9":{"start":{"line":20,"column":0},"end":{"line":20,"column":41}},"10":{"start":{"line":22,"column":0},"end":{"line":22,"column":24}}},"fnMap":{},"branchMap":{},"s":{"0":0,"1":0,"2":0,"3":0,"4":0,"5":0,"6":0,"7":0,"8":0,"9":0,"10":0},"f":{},"b":{}}
,"/home/runner/work/SpareChair/SpareChair/server/routes/listings.js": {"path":"/home/runner/work/SpareChair/SpareChair/server/routes/listings.js","statementMap":{"0":{"start":{"line":1,"column":16},"end":{"line":1,"column":34}},"1":{"start":{"line":9,"column":4},"end":{"line":9,"column":47}},"2":{"start":{"line":10,"column":43},"end":{"line":10,"column":72}},"3":{"start":{"line":12,"column":15},"end":{"line":12,"column":31}},"4":{"start":{"line":15,"column":0},"end":{"line":15,"column":29}},"5":{"start":{"line":16,"column":0},"end":{"line":16,"column":31}},"6":{"start":{"line":19,"column":0},"end":{"line":19,"column":64}},"7":{"start":{"line":20,"column":0},"end":{"line":20,"column":66}},"8":{"start":{"line":21,"column":0},"end":{"line":21,"column":69}},"9":{"start":{"line":22,"column":0},"end":{"line":22,"column":79}},"10":{"start":{"line":24,"column":0},"end":{"line":24,"column":24}}},"fnMap":{},"branchMap":{},"s":{"0":0,"1":0,"2":0,"3":0,"4":0,"5":0,"6":0,"7":0,"8":0,"9":0,"10":0},"f":{},"b":{}}
,"/home/runner/work/SpareChair/SpareChair/server/routes/reviews.js": {"path":"/home/runner/work/SpareChair/SpareChair/server/routes/reviews.js","statementMap":{"0":{"start":{"line":1,"column":16},"end":{"line":1,"column":34}},"1":{"start":{"line":7,"column":4},"end":{"line":7,"column":46}},"2":{"start":{"line":8,"column":27},"end":{"line":8,"column":56}},"3":{"start":{"line":10,"column":15},"end":{"line":10,"column":31}},"4":{"start":{"line":13,"column":0},"end":{"line":13,"column":28}},"5":{"start":{"line":16,"column":0},"end":{"line":16,"column":47}},"6":{"start":{"line":17,"column":0},"end":{"line":17,"column":49}},"7":{"start":{"line":18,"column":0},"end":{"line":18,"column":52}},"8":{"start":{"line":20,"column":0},"end":{"line":20,"column":24}}},"fnMap":{},"branchMap":{},"s":{"0":0,"1":0,"2":0,"3":0,"4":0,"5":0,"6":0,"7":0,"8":0},"f":{},"b":{}}
,"/home/runner/work/SpareChair/SpareChair/server/routes/users.js": {"path":"/home/runner/work/SpareChair/SpareChair/server/routes/users.js","statementMap":{"0":{"start":{"line":1,"column":16},"end":{"line":1,"column":34}},"1":{"start":{"line":5,"column":4},"end":{"line":5,"column":44}},"2":{"start":{"line":6,"column":27},"end":{"line":6,"column":56}},"3":{"start":{"line":8,"column":15},"end":{"line":8,"column":31}},"4":{"start":{"line":11,"column":0},"end":{"line":11,"column":27}},"5":{"start":{"line":13,"column":0},"end":{"line":13,"column":38}},"6":{"start":{"line":14,"column":0},"end":{"line":14,"column":35}},"7":{"start":{"line":16,"column":0},"end":{"line":16,"column":24}}},"fnMap":{},"branchMap":{},"s":{"0":0,"1":0,"2":0,"3":0,"4":0,"5":0,"6":0,"7":0},"f":{},"b":{}}
}
